[debug] [2025-04-24T22:00:19.495Z] ----------------------------------------------------------------------
[debug] [2025-04-24T22:00:19.497Z] Command:       /home/elioenai/.nvm/versions/node/v20.18.0/bin/node /home/elioenai/.nvm/versions/node/v20.18.0/bin/firebase init hosting
[debug] [2025-04-24T22:00:19.497Z] CLI Version:   14.2.1
[debug] [2025-04-24T22:00:19.497Z] Platform:      linux
[debug] [2025-04-24T22:00:19.497Z] Node Version:  v20.18.0
[debug] [2025-04-24T22:00:19.497Z] Time:          Thu Apr 24 2025 16:00:19 GMT-0600 (hora estándar central)
[debug] [2025-04-24T22:00:19.497Z] ----------------------------------------------------------------------
[debug] 
[debug] [2025-04-24T22:00:19.501Z] > command requires scopes: ["email","openid","https://www.googleapis.com/auth/cloudplatformprojects.readonly","https://www.googleapis.com/auth/firebase","https://www.googleapis.com/auth/cloud-platform"]
[debug] [2025-04-24T22:00:19.501Z] > authorizing via signed-in user (elio.antonio.654@gmail.com)
[info] 
     ######## #### ########  ######## ########     ###     ######  ########
     ##        ##  ##     ## ##       ##     ##  ##   ##  ##       ##
     ######    ##  ########  ######   ########  #########  ######  ######
     ##        ##  ##    ##  ##       ##     ## ##     ##       ## ##
     ##       #### ##     ## ######## ########  ##     ##  ######  ########

You're about to initialize a Firebase project in this directory:

  /home/elioenai/Escritorio/testWeb/dangerous-debris

[info] 
=== Project Setup
[info] 
[info] First, let's associate this project directory with a Firebase project.
[info] You can create multiple project aliases by running firebase use --add, 
[info] but for now we'll just set up a default project.
[info] 
[debug] [2025-04-24T22:00:22.886Z] Checked if tokens are valid: false, expires at: 1744691123278
[debug] [2025-04-24T22:00:22.887Z] Checked if tokens are valid: false, expires at: 1744691123278
[debug] [2025-04-24T22:00:22.887Z] > refreshing access token with scopes: []
[debug] [2025-04-24T22:00:22.888Z] >>> [apiv2][query] POST https://www.googleapis.com/oauth2/v3/token [none]
[debug] [2025-04-24T22:00:22.888Z] >>> [apiv2][body] POST https://www.googleapis.com/oauth2/v3/token [omitted]
[debug] [2025-04-24T22:01:07.819Z] *** [apiv2] error from fetch(https://www.googleapis.com/oauth2/v3/token, {"headers":{},"method":"POST","body":{"_overheadLength":545,"_valueLength":212,"_valuesToMeasure":[],"writable":false,"readable":true,"dataSize":0,"maxDataSize":2097152,"pauseStreams":true,"_released":true,"_streams":[],"_currentStream":null,"_insideLoop":false,"_pendingNext":false,"_boundary":"--------------------------416559174676971525892940","_events":{},"_eventsCount":1}}): FetchError: request to https://www.googleapis.com/oauth2/v3/token failed, reason: socket hang up
[error] Authentication Error: Your credentials are no longer valid. Please run firebase login --reauth

For CI servers and headless environments, generate a new token with firebase login:ci
[debug] [2025-04-24T22:01:07.819Z] Authentication Error: Your credentials are no longer valid. Please run firebase login --reauth

For CI servers and headless environments, generate a new token with firebase login:ci
